# JRE version: OpenJDK Runtime Environment Temurin-17.0.10+7 (17.0.10+7) (build 17.0.10+7)
# Java VM: OpenJDK 64-Bit Server VM Temurin-17.0.10+7 (17.0.10+7, mixed mode, tiered, compressed oops, compressed class ptrs, parallel gc, windows-amd64)
GC Precious Log:
 CPUs: 4 total, 4 available
 Memory: 12172M
 Large Page Support: Disabled
 NUMA Support: Disabled
 Compressed Oops: Enabled (32-bit)
 Alignments: Space 512K, Generation 512K, Heap 2M
 Heap Min Capacity: 100M
 Heap Initial Capacity: 100M
 Heap Max Capacity: 1G
 Pre-touch: Disabled
 Parallel Workers: 4
Heap:
 PSYoungGen      total 5632K, used 5615K [0x00000000eab00000, 0x00000000eb500000, 0x0000000100000000)
  eden space 3072K, 100% used [0x00000000eab00000,0x00000000eae00000,0x00000000eae00000)
  from space 2560K, 99% used [0x00000000eae00000,0x00000000eb07bf88,0x00000000eb080000)
  to   space 3072K, 81% used [0x00000000eb200000,0x00000000eb474658,0x00000000eb500000)
 ParOldGen       total 223744K, used 213342K [0x00000000c0000000, 0x00000000cda80000, 0x00000000eab00000)
  object space 223744K, 95% used [0x00000000c0000000,0x00000000cd057820,0x00000000cda80000)
 Metaspace       used 78880K, committed 80128K, reserved 1179648K
  class space    used 8302K, committed 8832K, reserved 1048576K
GC Heap History (20 events):
Event: 131.021 GC heap after
{Heap after GC invocations=550 (full 16):
 PSYoungGen      total 6144K, used 3575K [0x00000000eab00000, 0x00000000eb900000, 0x0000000100000000)
  eden space 2560K, 0% used [0x00000000eab00000,0x00000000eab00000,0x00000000ead80000)
  from space 3584K, 99% used [0x00000000eb280000,0x00000000eb5fdc10,0x00000000eb600000)
  to   space 5120K, 0% used [0x00000000ead80000,0x00000000ead80000,0x00000000eb280000)
 ParOldGen       total 223744K, used 211702K [0x00000000c0000000, 0x00000000cda80000, 0x00000000eab00000)
  object space 223744K, 94% used [0x00000000c0000000,0x00000000ccebd828,0x00000000cda80000)
 Metaspace       used 77946K, committed 79296K, reserved 1179648K
  class space    used 8244K, committed 8832K, reserved 1048576K
}
Event: 131.102 GC heap before
{Heap before GC invocations=551 (full 16):
 PSYoungGen      total 6144K, used 6135K [0x00000000eab00000, 0x00000000eb900000, 0x0000000100000000)
  eden space 2560K, 100% used [0x00000000eab00000,0x00000000ead80000,0x00000000ead80000)
  from space 3584K, 99% used [0x00000000eb280000,0x00000000eb5fdc10,0x00000000eb600000)
  to   space 5120K, 0% used [0x00000000ead80000,0x00000000ead80000,0x00000000eb280000)
 ParOldGen       total 223744K, used 211702K [0x00000000c0000000, 0x00000000cda80000, 0x00000000eab00000)
  object space 223744K, 94% used [0x00000000c0000000,0x00000000ccebd828,0x00000000cda80000)
 Metaspace       used 77984K, committed 79296K, reserved 1179648K
  class space    used 8244K, committed 8832K, reserved 1048576K
}
Event: 131.108 GC heap after
{Heap after GC invocations=551 (full 16):
 PSYoungGen      total 7680K, used 5082K [0x00000000eab00000, 0x00000000eb880000, 0x0000000100000000)
  eden space 2560K, 0% used [0x00000000eab00000,0x00000000eab00000,0x00000000ead80000)
  from space 5120K, 99% used [0x00000000ead80000,0x00000000eb276968,0x00000000eb280000)
  to   space 5632K, 0% used [0x00000000eb300000,0x00000000eb300000,0x00000000eb880000)
 ParOldGen       total 223744K, used 211718K [0x00000000c0000000, 0x00000000cda80000, 0x00000000eab00000)
  object space 223744K, 94% used [0x00000000c0000000,0x00000000ccec1828,0x00000000cda80000)
 Metaspace       used 77984K, committed 79296K, reserved 1179648K
  class space    used 8244K, committed 8832K, reserved 1048576K
}
Event: 131.250 GC heap before
{Heap before GC invocations=552 (full 16):
 PSYoungGen      total 7680K, used 7642K [0x00000000eab00000, 0x00000000eb880000, 0x0000000100000000)
  eden space 2560K, 100% used [0x00000000eab00000,0x00000000ead80000,0x00000000ead80000)
  from space 5120K, 99% used [0x00000000ead80000,0x00000000eb276968,0x00000000eb280000)
  to   space 5632K, 0% used [0x00000000eb300000,0x00000000eb300000,0x00000000eb880000)
 ParOldGen       total 223744K, used 211718K [0x00000000c0000000, 0x00000000cda80000, 0x00000000eab00000)
  object space 223744K, 94% used [0x00000000c0000000,0x00000000ccec1828,0x00000000cda80000)
 Metaspace       used 78006K, committed 79360K, reserved 1179648K
  class space    used 8245K, committed 8832K, reserved 1048576K
}
Event: 131.254 GC heap after
{Heap after GC invocations=552 (full 16):
 PSYoungGen      total 3584K, used 992K [0x00000000eab00000, 0x00000000eb400000, 0x0000000100000000)
  eden space 2560K, 0% used [0x00000000eab00000,0x00000000eab00000,0x00000000ead80000)
  from space 1024K, 96% used [0x00000000eb300000,0x00000000eb3f8000,0x00000000eb400000)
  to   space 2560K, 0% used [0x00000000eaf00000,0x00000000eaf00000,0x00000000eb180000)
 ParOldGen       total 223744K, used 211718K [0x00000000c0000000, 0x00000000cda80000, 0x00000000eab00000)
  object space 223744K, 94% used [0x00000000c0000000,0x00000000ccec1828,0x00000000cda80000)
 Metaspace       used 78006K, committed 79360K, reserved 1179648K
  class space    used 8245K, committed 8832K, reserved 1048576K
}
Event: 135.374 GC heap before
{Heap before GC invocations=553 (full 16):
 PSYoungGen      total 3584K, used 3552K [0x00000000eab00000, 0x00000000eb400000, 0x0000000100000000)
  eden space 2560K, 100% used [0x00000000eab00000,0x00000000ead80000,0x00000000ead80000)
  from space 1024K, 96% used [0x00000000eb300000,0x00000000eb3f8000,0x00000000eb400000)
  to   space 2560K, 0% used [0x00000000eaf00000,0x00000000eaf00000,0x00000000eb180000)
 ParOldGen       total 223744K, used 211718K [0x00000000c0000000, 0x00000000cda80000, 0x00000000eab00000)
  object space 223744K, 94% used [0x00000000c0000000,0x00000000ccec1828,0x00000000cda80000)
 Metaspace       used 78061K, committed 79360K, reserved 1179648K
  class space    used 8250K, committed 8832K, reserved 1048576K
}
Event: 135.377 GC heap after
{Heap after GC invocations=553 (full 16):
 PSYoungGen      total 5120K, used 1008K [0x00000000eab00000, 0x00000000eb380000, 0x0000000100000000)
  eden space 2560K, 0% used [0x00000000eab00000,0x00000000eab00000,0x00000000ead80000)
  from space 2560K, 39% used [0x00000000eaf00000,0x00000000eaffc010,0x00000000eb180000)
  to   space 1536K, 0% used [0x00000000eb200000,0x00000000eb200000,0x00000000eb380000)
 ParOldGen       total 223744K, used 211718K [0x00000000c0000000, 0x00000000cda80000, 0x00000000eab00000)
  object space 223744K, 94% used [0x00000000c0000000,0x00000000ccec1828,0x00000000cda80000)
 Metaspace       used 78061K, committed 79360K, reserved 1179648K
  class space    used 8250K, committed 8832K, reserved 1048576K
}
Event: 135.577 GC heap before
{Heap before GC invocations=554 (full 16):
 PSYoungGen      total 5120K, used 3568K [0x00000000eab00000, 0x00000000eb380000, 0x0000000100000000)
  eden space 2560K, 100% used [0x00000000eab00000,0x00000000ead80000,0x00000000ead80000)
  from space 2560K, 39% used [0x00000000eaf00000,0x00000000eaffc010,0x00000000eb180000)
  to   space 1536K, 0% used [0x00000000eb200000,0x00000000eb200000,0x00000000eb380000)
 ParOldGen       total 223744K, used 211718K [0x00000000c0000000, 0x00000000cda80000, 0x00000000eab00000)
  object space 223744K, 94% used [0x00000000c0000000,0x00000000ccec1828,0x00000000cda80000)
 Metaspace       used 78274K, committed 79552K, reserved 1179648K
  class space    used 8261K, committed 8832K, reserved 1048576K
}
Event: 135.579 GC heap after
{Heap after GC invocations=554 (full 16):
 PSYoungGen      total 3584K, used 992K [0x00000000eab00000, 0x00000000eb300000, 0x0000000100000000)
  eden space 2560K, 0% used [0x00000000eab00000,0x00000000eab00000,0x00000000ead80000)
  from space 1024K, 96% used [0x00000000eb200000,0x00000000eb2f8000,0x00000000eb300000)
  to   space 1536K, 0% used [0x00000000eb000000,0x00000000eb000000,0x00000000eb180000)
 ParOldGen       total 223744K, used 211726K [0x00000000c0000000, 0x00000000cda80000, 0x00000000eab00000)
  object space 223744K, 94% used [0x00000000c0000000,0x00000000ccec3828,0x00000000cda80000)
 Metaspace       used 78274K, committed 79552K, reserved 1179648K
  class space    used 8261K, committed 8832K, reserved 1048576K
}
Event: 136.595 GC heap before
{Heap before GC invocations=555 (full 16):
 PSYoungGen      total 3584K, used 3548K [0x00000000eab00000, 0x00000000eb300000, 0x0000000100000000)
  eden space 2560K, 99% used [0x00000000eab00000,0x00000000ead7f3b8,0x00000000ead80000)
  from space 1024K, 96% used [0x00000000eb200000,0x00000000eb2f8000,0x00000000eb300000)
  to   space 1536K, 0% used [0x00000000eb000000,0x00000000eb000000,0x00000000eb180000)
 ParOldGen       total 223744K, used 211726K [0x00000000c0000000, 0x00000000cda80000, 0x00000000eab00000)
  object space 223744K, 94% used [0x00000000c0000000,0x00000000ccec3828,0x00000000cda80000)
 Metaspace       used 78578K, committed 79872K, reserved 1179648K
  class space    used 8286K, committed 8832K, reserved 1048576K
}
Event: 136.602 GC heap after
{Heap after GC invocations=555 (full 16):
 PSYoungGen      total 4096K, used 1356K [0x00000000eab00000, 0x00000000eb280000, 0x0000000100000000)
  eden space 2560K, 0% used [0x00000000eab00000,0x00000000eab00000,0x00000000ead80000)
  from space 1536K, 88% used [0x00000000eb000000,0x00000000eb1531e8,0x00000000eb180000)
  to   space 1024K, 0% used [0x00000000eb180000,0x00000000eb180000,0x00000000eb280000)
 ParOldGen       total 223744K, used 211726K [0x00000000c0000000, 0x00000000cda80000, 0x00000000eab00000)
  object space 223744K, 94% used [0x00000000c0000000,0x00000000ccec3828,0x00000000cda80000)
 Metaspace       used 78578K, committed 79872K, reserved 1179648K
  class space    used 8286K, committed 8832K, reserved 1048576K
}
Event: 136.654 GC heap before
{Heap before GC invocations=556 (full 16):
 PSYoungGen      total 4096K, used 3916K [0x00000000eab00000, 0x00000000eb280000, 0x0000000100000000)
  eden space 2560K, 100% used [0x00000000eab00000,0x00000000ead80000,0x00000000ead80000)
  from space 1536K, 88% used [0x00000000eb000000,0x00000000eb1531e8,0x00000000eb180000)
  to   space 1024K, 0% used [0x00000000eb180000,0x00000000eb180000,0x00000000eb280000)
 ParOldGen       total 223744K, used 211726K [0x00000000c0000000, 0x00000000cda80000, 0x00000000eab00000)
  object space 223744K, 94% used [0x00000000c0000000,0x00000000ccec3828,0x00000000cda80000)
 Metaspace       used 78778K, committed 80064K, reserved 1179648K
  class space    used 8296K, committed 8832K, reserved 1048576K
}
Event: 136.659 GC heap after
{Heap after GC invocations=556 (full 16):
 PSYoungGen      total 3584K, used 1017K [0x00000000eab00000, 0x00000000eb280000, 0x0000000100000000)
  eden space 2560K, 0% used [0x00000000eab00000,0x00000000eab00000,0x00000000ead80000)
  from space 1024K, 99% used [0x00000000eb180000,0x00000000eb27e4c0,0x00000000eb280000)
  to   space 2048K, 0% used [0x00000000eae80000,0x00000000eae80000,0x00000000eb080000)
 ParOldGen       total 223744K, used 212374K [0x00000000c0000000, 0x00000000cda80000, 0x00000000eab00000)
  object space 223744K, 94% used [0x00000000c0000000,0x00000000ccf65820,0x00000000cda80000)
 Metaspace       used 78778K, committed 80064K, reserved 1179648K
  class space    used 8296K, committed 8832K, reserved 1048576K
}
Event: 136.670 GC heap before
{Heap before GC invocations=557 (full 16):
 PSYoungGen      total 3584K, used 3577K [0x00000000eab00000, 0x00000000eb280000, 0x0000000100000000)
  eden space 2560K, 99% used [0x00000000eab00000,0x00000000ead7fff0,0x00000000ead80000)
  from space 1024K, 99% used [0x00000000eb180000,0x00000000eb27e4c0,0x00000000eb280000)
  to   space 2048K, 0% used [0x00000000eae80000,0x00000000eae80000,0x00000000eb080000)
 ParOldGen       total 223744K, used 212374K [0x00000000c0000000, 0x00000000cda80000, 0x00000000eab00000)
  object space 223744K, 94% used [0x00000000c0000000,0x00000000ccf65820,0x00000000cda80000)
 Metaspace       used 78818K, committed 80064K, reserved 1179648K
  class space    used 8296K, committed 8832K, reserved 1048576K
}
Event: 136.672 GC heap after
{Heap after GC invocations=557 (full 16):
 PSYoungGen      total 4608K, used 2024K [0x00000000eab00000, 0x00000000eb280000, 0x0000000100000000)
  eden space 2560K, 0% used [0x00000000eab00000,0x00000000eab00000,0x00000000ead80000)
  from space 2048K, 98% used [0x00000000eae80000,0x00000000eb07a390,0x00000000eb080000)
  to   space 2048K, 0% used [0x00000000eb080000,0x00000000eb080000,0x00000000eb280000)
 ParOldGen       total 223744K, used 212630K [0x00000000c0000000, 0x00000000cda80000, 0x00000000eab00000)
  object space 223744K, 95% used [0x00000000c0000000,0x00000000ccfa5820,0x00000000cda80000)
 Metaspace       used 78818K, committed 80064K, reserved 1179648K
  class space    used 8296K, committed 8832K, reserved 1048576K
}
Event: 136.679 GC heap before
{Heap before GC invocations=558 (full 16):
 PSYoungGen      total 4608K, used 4584K [0x00000000eab00000, 0x00000000eb280000, 0x0000000100000000)
  eden space 2560K, 100% used [0x00000000eab00000,0x00000000ead80000,0x00000000ead80000)
  from space 2048K, 98% used [0x00000000eae80000,0x00000000eb07a390,0x00000000eb080000)
  to   space 2048K, 0% used [0x00000000eb080000,0x00000000eb080000,0x00000000eb280000)
 ParOldGen       total 223744K, used 212630K [0x00000000c0000000, 0x00000000cda80000, 0x00000000eab00000)
  object space 223744K, 95% used [0x00000000c0000000,0x00000000ccfa5820,0x00000000cda80000)
 Metaspace       used 78826K, committed 80064K, reserved 1179648K
  class space    used 8297K, committed 8832K, reserved 1048576K
}
Event: 136.682 GC heap after
{Heap after GC invocations=558 (full 16):
 PSYoungGen      total 5120K, used 2043K [0x00000000eab00000, 0x00000000eb300000, 0x0000000100000000)
  eden space 3072K, 0% used [0x00000000eab00000,0x00000000eab00000,0x00000000eae00000)
  from space 2048K, 99% used [0x00000000eb080000,0x00000000eb27ee38,0x00000000eb280000)
  to   space 2560K, 0% used [0x00000000eae00000,0x00000000eae00000,0x00000000eb080000)
 ParOldGen       total 223744K, used 213030K [0x00000000c0000000, 0x00000000cda80000, 0x00000000eab00000)
  object space 223744K, 95% used [0x00000000c0000000,0x00000000cd009820,0x00000000cda80000)
 Metaspace       used 78826K, committed 80064K, reserved 1179648K
  class space    used 8297K, committed 8832K, reserved 1048576K
}
Event: 136.700 GC heap before
{Heap before GC invocations=559 (full 16):
 PSYoungGen      total 5120K, used 5115K [0x00000000eab00000, 0x00000000eb300000, 0x0000000100000000)
  eden space 3072K, 100% used [0x00000000eab00000,0x00000000eae00000,0x00000000eae00000)
  from space 2048K, 99% used [0x00000000eb080000,0x00000000eb27ee38,0x00000000eb280000)
  to   space 2560K, 0% used [0x00000000eae00000,0x00000000eae00000,0x00000000eb080000)
 ParOldGen       total 223744K, used 213030K [0x00000000c0000000, 0x00000000cda80000, 0x00000000eab00000)
  object space 223744K, 95% used [0x00000000c0000000,0x00000000cd009820,0x00000000cda80000)
 Metaspace       used 78880K, committed 80128K, reserved 1179648K
  class space    used 8302K, committed 8832K, reserved 1048576K
}
Event: 136.704 GC heap after
{Heap after GC invocations=559 (full 16):
 PSYoungGen      total 5632K, used 2543K [0x00000000eab00000, 0x00000000eb500000, 0x0000000100000000)
  eden space 3072K, 0% used [0x00000000eab00000,0x00000000eab00000,0x00000000eae00000)
  from space 2560K, 99% used [0x00000000eae00000,0x00000000eb07bf88,0x00000000eb080000)
  to   space 3072K, 0% used [0x00000000eb200000,0x00000000eb200000,0x00000000eb500000)
 ParOldGen       total 223744K, used 213070K [0x00000000c0000000, 0x00000000cda80000, 0x00000000eab00000)
  object space 223744K, 95% used [0x00000000c0000000,0x00000000cd013820,0x00000000cda80000)
 Metaspace       used 78880K, committed 80128K, reserved 1179648K
  class space    used 8302K, committed 8832K, reserved 1048576K
}
Event: 136.711 GC heap before
{Heap before GC invocations=560 (full 16):
 PSYoungGen      total 5632K, used 5615K [0x00000000eab00000, 0x00000000eb500000, 0x0000000100000000)
  eden space 3072K, 100% used [0x00000000eab00000,0x00000000eae00000,0x00000000eae00000)
  from space 2560K, 99% used [0x00000000eae00000,0x00000000eb07bf88,0x00000000eb080000)
  to   space 3072K, 0% used [0x00000000eb200000,0x00000000eb200000,0x00000000eb500000)
 ParOldGen       total 223744K, used 213070K [0x00000000c0000000, 0x00000000cda80000, 0x00000000eab00000)
  object space 223744K, 95% used [0x00000000c0000000,0x00000000cd013820,0x00000000cda80000)
 Metaspace       used 78880K, committed 80128K, reserved 1179648K
  class space    used 8302K, committed 8832K, reserved 1048576K
}

